# JRE version: OpenJDK Runtime Environment (21.0.5) (build 21.0.5+-12932927-b750.29)
# Java VM: OpenJDK 64-Bit Server VM (21.0.5+-12932927-b750.29, mixed mode, tiered, compressed oops, compressed class ptrs, g1 gc, windows-amd64)
GC Precious Log:
 CardTable entry size: 512
 Card Set container configuration: InlinePtr #cards 5 size 8 Array Of Cards #cards 12 size 40 Howl #buckets 4 coarsen threshold 1843 Howl Bitmap #cards 512 size 80 coarsen threshold 460 Card regions per heap region 1 cards per card region 2048
 CPUs: 4 total, 4 available
 Memory: 8098M
 Large Page Support: Disabled
 NUMA Support: Disabled
 Compressed Oops: Enabled (32-bit)
 Heap Region Size: 1M
 Heap Min Capacity: 8M
 Heap Initial Capacity: 128M
 Heap Max Capacity: 2G
 Pre-touch: Disabled
 Parallel Workers: 4
 Concurrent Workers: 1
 Concurrent Refinement Workers: 4
 Periodic GC: Disabled
Heap:
 garbage-first heap   total 176128K, used 124389K [0x0000000080000000, 0x0000000100000000)
  region size 1024K, 17 young (17408K), 6 survivors (6144K)
 Metaspace       used 110853K, committed 113088K, reserved 1179648K
  class space    used 14826K, committed 15936K, reserved 1048576K
GC Heap History (20 events):
Event: 10.619 GC heap before
{Heap before GC invocations=23 (full 0):
 garbage-first heap   total 112640K, used 100664K [0x0000000080000000, 0x0000000100000000)
  region size 1024K, 25 young (25600K), 1 survivors (1024K)
 Metaspace       used 62783K, committed 64448K, reserved 1114112K
  class space    used 8412K, committed 9216K, reserved 1048576K
}
Event: 10.622 GC heap after
{Heap after GC invocations=24 (full 0):
 garbage-first heap   total 112640K, used 76963K [0x0000000080000000, 0x0000000100000000)
  region size 1024K, 2 young (2048K), 2 survivors (2048K)
 Metaspace       used 62783K, committed 64448K, reserved 1114112K
  class space    used 8412K, committed 9216K, reserved 1048576K
}
Event: 11.348 GC heap before
{Heap before GC invocations=25 (full 0):
 garbage-first heap   total 130048K, used 102563K [0x0000000080000000, 0x0000000100000000)
  region size 1024K, 27 young (27648K), 2 survivors (2048K)
 Metaspace       used 66444K, committed 68160K, reserved 1114112K
  class space    used 8961K, committed 9792K, reserved 1048576K
}
Event: 11.353 GC heap after
{Heap after GC invocations=26 (full 0):
 garbage-first heap   total 130048K, used 78163K [0x0000000080000000, 0x0000000100000000)
  region size 1024K, 3 young (3072K), 3 survivors (3072K)
 Metaspace       used 66444K, committed 68160K, reserved 1114112K
  class space    used 8961K, committed 9792K, reserved 1048576K
}
Event: 11.891 GC heap before
{Heap before GC invocations=26 (full 0):
 garbage-first heap   total 130048K, used 114003K [0x0000000080000000, 0x0000000100000000)
  region size 1024K, 39 young (39936K), 3 survivors (3072K)
 Metaspace       used 73362K, committed 75072K, reserved 1114112K
  class space    used 9860K, committed 10688K, reserved 1048576K
}
Event: 11.902 GC heap after
{Heap after GC invocations=27 (full 0):
 garbage-first heap   total 130048K, used 80133K [0x0000000080000000, 0x0000000100000000)
  region size 1024K, 5 young (5120K), 5 survivors (5120K)
 Metaspace       used 73362K, committed 75072K, reserved 1114112K
  class space    used 9860K, committed 10688K, reserved 1048576K
}
Event: 12.699 GC heap before
{Heap before GC invocations=27 (full 0):
 garbage-first heap   total 130048K, used 115973K [0x0000000080000000, 0x0000000100000000)
  region size 1024K, 40 young (40960K), 5 survivors (5120K)
 Metaspace       used 76158K, committed 77952K, reserved 1179648K
  class space    used 10225K, committed 11136K, reserved 1048576K
}
Event: 12.709 GC heap after
{Heap after GC invocations=28 (full 0):
 garbage-first heap   total 156672K, used 82080K [0x0000000080000000, 0x0000000100000000)
  region size 1024K, 3 young (3072K), 3 survivors (3072K)
 Metaspace       used 76158K, committed 77952K, reserved 1179648K
  class space    used 10225K, committed 11136K, reserved 1048576K
}
Event: 13.869 GC heap before
{Heap before GC invocations=29 (full 0):
 garbage-first heap   total 156672K, used 136352K [0x0000000080000000, 0x0000000100000000)
  region size 1024K, 56 young (57344K), 3 survivors (3072K)
 Metaspace       used 83931K, committed 85824K, reserved 1179648K
  class space    used 11346K, committed 12288K, reserved 1048576K
}
Event: 13.877 GC heap after
{Heap after GC invocations=30 (full 0):
 garbage-first heap   total 156672K, used 84230K [0x0000000080000000, 0x0000000100000000)
  region size 1024K, 5 young (5120K), 5 survivors (5120K)
 Metaspace       used 83931K, committed 85824K, reserved 1179648K
  class space    used 11346K, committed 12288K, reserved 1048576K
}
Event: 14.850 GC heap before
{Heap before GC invocations=30 (full 0):
 garbage-first heap   total 156672K, used 138502K [0x0000000080000000, 0x0000000100000000)
  region size 1024K, 58 young (59392K), 5 survivors (5120K)
 Metaspace       used 92991K, committed 94912K, reserved 1179648K
  class space    used 12801K, committed 13760K, reserved 1048576K
}
Event: 14.861 GC heap after
{Heap after GC invocations=31 (full 0):
 garbage-first heap   total 156672K, used 85306K [0x0000000080000000, 0x0000000100000000)
  region size 1024K, 4 young (4096K), 4 survivors (4096K)
 Metaspace       used 92991K, committed 94912K, reserved 1179648K
  class space    used 12801K, committed 13760K, reserved 1048576K
}
Event: 15.016 GC heap before
{Heap before GC invocations=31 (full 0):
 garbage-first heap   total 156672K, used 95546K [0x0000000080000000, 0x0000000100000000)
  region size 1024K, 15 young (15360K), 4 survivors (4096K)
 Metaspace       used 94473K, committed 96384K, reserved 1179648K
  class space    used 13013K, committed 13952K, reserved 1048576K
}
Event: 15.025 GC heap after
{Heap after GC invocations=32 (full 0):
 garbage-first heap   total 156672K, used 85582K [0x0000000080000000, 0x0000000100000000)
  region size 1024K, 5 young (5120K), 5 survivors (5120K)
 Metaspace       used 94473K, committed 96384K, reserved 1179648K
  class space    used 13013K, committed 13952K, reserved 1048576K
}
Event: 15.749 GC heap before
{Heap before GC invocations=33 (full 0):
 garbage-first heap   total 157696K, used 156238K [0x0000000080000000, 0x0000000100000000)
  region size 1024K, 59 young (60416K), 5 survivors (5120K)
 Metaspace       used 97562K, committed 99456K, reserved 1179648K
  class space    used 13379K, committed 14336K, reserved 1048576K
}
Event: 15.780 GC heap after
{Heap after GC invocations=34 (full 0):
 garbage-first heap   total 175104K, used 100079K [0x0000000080000000, 0x0000000100000000)
  region size 1024K, 8 young (8192K), 8 survivors (8192K)
 Metaspace       used 97562K, committed 99456K, reserved 1179648K
  class space    used 13379K, committed 14336K, reserved 1048576K
}
Event: 16.675 GC heap before
{Heap before GC invocations=34 (full 0):
 garbage-first heap   total 175104K, used 160495K [0x0000000080000000, 0x0000000100000000)
  region size 1024K, 60 young (61440K), 8 survivors (8192K)
 Metaspace       used 103694K, committed 105664K, reserved 1179648K
  class space    used 14072K, committed 15040K, reserved 1048576K
}
Event: 16.698 GC heap after
{Heap after GC invocations=35 (full 0):
 garbage-first heap   total 176128K, used 111747K [0x0000000080000000, 0x0000000100000000)
  region size 1024K, 4 young (4096K), 4 survivors (4096K)
 Metaspace       used 103694K, committed 105664K, reserved 1179648K
  class space    used 14072K, committed 15040K, reserved 1048576K
}
Event: 17.355 GC heap before
{Heap before GC invocations=35 (full 0):
 garbage-first heap   total 176128K, used 157827K [0x0000000080000000, 0x0000000100000000)
  region size 1024K, 49 young (50176K), 4 survivors (4096K)
 Metaspace       used 109479K, committed 111616K, reserved 1179648K
  class space    used 14645K, committed 15680K, reserved 1048576K
}
Event: 17.364 GC heap after
{Heap after GC invocations=36 (full 0):
 garbage-first heap   total 176128K, used 114149K [0x0000000080000000, 0x0000000100000000)
  region size 1024K, 6 young (6144K), 6 survivors (6144K)
 Metaspace       used 109479K, committed 111616K, reserved 1179648K
  class space    used 14645K, committed 15680K, reserved 1048576K
}

